2023-12-20 00:04:57,966 INFO o.a.j.u.JMeterUtils: Setting Locale to en_EN
2023-12-20 00:04:57,976 INFO o.a.j.JMeter: Loading user properties from: C:\JMETER\bin\user.properties
2023-12-20 00:04:57,976 INFO o.a.j.JMeter: Loading system properties from: C:\JMETER\bin\system.properties
2023-12-20 00:04:57,982 INFO o.a.j.JMeter: Copyright (c) 1998-2023 The Apache Software Foundation
2023-12-20 00:04:57,982 INFO o.a.j.JMeter: Version 5.6.2
2023-12-20 00:04:57,982 INFO o.a.j.JMeter: java.version=1.8.0_391
2023-12-20 00:04:57,982 INFO o.a.j.JMeter: java.vm.name=Java HotSpot(TM) 64-Bit Server VM
2023-12-20 00:04:57,982 INFO o.a.j.JMeter: os.name=Windows 10
2023-12-20 00:04:57,982 INFO o.a.j.JMeter: os.arch=amd64
2023-12-20 00:04:57,982 INFO o.a.j.JMeter: os.version=10.0
2023-12-20 00:04:57,982 INFO o.a.j.JMeter: file.encoding=Cp1251
2023-12-20 00:04:57,982 INFO o.a.j.JMeter: java.awt.headless=true
2023-12-20 00:04:57,982 INFO o.a.j.JMeter: Max memory     =1073741824
2023-12-20 00:04:57,982 INFO o.a.j.JMeter: Available Processors =6
2023-12-20 00:04:57,986 INFO o.a.j.JMeter: Default Locale=English (EN)
2023-12-20 00:04:57,986 INFO o.a.j.JMeter: JMeter  Locale=English (EN)
2023-12-20 00:04:57,986 INFO o.a.j.JMeter: JMeterHome=C:\JMETER
2023-12-20 00:04:57,986 INFO o.a.j.JMeter: user.dir  =C:\JMETERTEST
2023-12-20 00:04:57,986 INFO o.a.j.JMeter: PWD       =C:\JMETERTEST
2023-12-20 00:05:02,545 INFO o.a.j.JMeter: IP: 172.28.80.1 Name: DESKTOP-2HSBAGH FullName: DESKTOP-2HSBAGH
2023-12-20 00:05:02,558 INFO o.a.j.JMeter: Setting property 'jmeter.reportgenerator.outputdir' to:'C:\JMETERTEST\.\Lab-9'
2023-12-20 00:05:02,561 INFO o.a.j.s.FileServer: Default base='C:\JMETERTEST'
2023-12-20 00:05:02,563 INFO o.a.j.s.FileServer: Set new base='C:\JMETERTEST\.'
2023-12-20 00:05:02,673 INFO o.a.j.s.SaveService: Testplan (JMX) version: 2.2. Testlog (JTL) version: 2.2
2023-12-20 00:05:02,693 INFO o.a.j.s.SaveService: Using SaveService properties file encoding UTF-8
2023-12-20 00:05:02,697 INFO o.a.j.s.SaveService: Using SaveService properties version 5.0
2023-12-20 00:05:02,703 INFO o.a.j.s.SaveService: Loading file: .\Lab9.jmx
2023-12-20 00:05:02,772 INFO o.a.j.p.h.s.HTTPSamplerBase: Parser for text/html is org.apache.jmeter.protocol.http.parser.LagartoBasedHtmlParser
2023-12-20 00:05:02,772 INFO o.a.j.p.h.s.HTTPSamplerBase: Parser for application/xhtml+xml is org.apache.jmeter.protocol.http.parser.LagartoBasedHtmlParser
2023-12-20 00:05:02,772 INFO o.a.j.p.h.s.HTTPSamplerBase: Parser for application/xml is org.apache.jmeter.protocol.http.parser.LagartoBasedHtmlParser
2023-12-20 00:05:02,772 INFO o.a.j.p.h.s.HTTPSamplerBase: Parser for text/xml is org.apache.jmeter.protocol.http.parser.LagartoBasedHtmlParser
2023-12-20 00:05:02,772 INFO o.a.j.p.h.s.HTTPSamplerBase: Parser for text/vnd.wap.wml is org.apache.jmeter.protocol.http.parser.RegexpHTMLParser
2023-12-20 00:05:02,772 INFO o.a.j.p.h.s.HTTPSamplerBase: Parser for text/css is org.apache.jmeter.protocol.http.parser.CssParser
2023-12-20 00:05:03,009 INFO o.a.j.e.KeyToolUtils: Exception checking for keytool existence, will return false, try another way.
2023-12-20 00:05:03,188 INFO o.a.j.e.KeyToolUtils: keytool found at 'C:\Program Files\Java\jre-1.8\bin\keytool'
2023-12-20 00:05:03,189 INFO o.a.j.p.h.p.ProxyControl: HTTP(S) Test Script Recorder SSL Proxy will use keys that support embedded 3rd party resources in file C:\JMETER\bin\proxyserver.jks
2023-12-20 00:05:03,266 INFO o.a.j.JMeter: Creating summariser <summary>
2023-12-20 00:05:03,270 INFO o.a.j.r.d.ReportGenerator: ReportGenerator will use for Parsing the separator: ','
2023-12-20 00:05:03,270 INFO o.a.j.r.d.ReportGenerator: Will generate report at end of test from  results file: log-9.jtl
2023-12-20 00:05:03,270 INFO o.a.j.r.d.ReportGenerator: Reading report generator properties from: C:\JMETER\bin\reportgenerator.properties
2023-12-20 00:05:03,272 INFO o.a.j.r.d.ReportGenerator: Merging with JMeter properties
2023-12-20 00:05:03,278 INFO o.a.j.r.c.ReportGeneratorConfiguration: Property 'jmeter.reportgenerator.temp_dir' not found, using default value 'temp' instead.
2023-12-20 00:05:03,281 INFO o.a.j.r.c.ReportGeneratorConfiguration: Property 'jmeter.reportgenerator.apdex_per_transaction' not found, using default value 'null' instead.
2023-12-20 00:05:03,281 INFO o.a.j.r.c.ReportGeneratorConfiguration: apdex_per_transaction is empty, not APDEX per transaction customization
2023-12-20 00:05:03,281 INFO o.a.j.r.c.ReportGeneratorConfiguration: Property 'jmeter.reportgenerator.sample_filter' not found, using default value 'null' instead.
2023-12-20 00:05:03,281 INFO o.a.j.r.c.ReportGeneratorConfiguration: Property 'jmeter.reportgenerator.report_title' not found, using default value 'null' instead.
2023-12-20 00:05:03,281 INFO o.a.j.r.c.ReportGeneratorConfiguration: Property 'jmeter.reportgenerator.start_date' not found, using default value 'null' instead.
2023-12-20 00:05:03,281 INFO o.a.j.r.c.ReportGeneratorConfiguration: Property 'jmeter.reportgenerator.end_date' not found, using default value 'null' instead.
2023-12-20 00:05:03,281 INFO o.a.j.r.c.ReportGeneratorConfiguration: Property 'jmeter.reportgenerator.date_format' not found, using default value 'null' instead.
2023-12-20 00:05:03,282 INFO o.a.j.r.c.ReportGeneratorConfiguration: Will use date range start date: null, end date: null
2023-12-20 00:05:03,287 INFO o.a.j.r.c.ReportGeneratorConfiguration: Property 'jmeter.reportgenerator.graph.totalTPS.exclude_controllers' not found, using default value 'false' instead.
2023-12-20 00:05:03,287 INFO o.a.j.r.c.ReportGeneratorConfiguration: Property 'jmeter.reportgenerator.graph.activeThreadsOverTime.exclude_controllers' not found, using default value 'false' instead.
2023-12-20 00:05:03,287 INFO o.a.j.r.c.ReportGeneratorConfiguration: Property 'jmeter.reportgenerator.graph.timeVsThreads.exclude_controllers' not found, using default value 'false' instead.
2023-12-20 00:05:03,287 INFO o.a.j.r.c.ReportGeneratorConfiguration: Property 'jmeter.reportgenerator.graph.responseTimeDistribution.exclude_controllers' not found, using default value 'false' instead.
2023-12-20 00:05:03,287 INFO o.a.j.r.c.ReportGeneratorConfiguration: Property 'jmeter.reportgenerator.graph.transactionsPerSecond.exclude_controllers' not found, using default value 'false' instead.
2023-12-20 00:05:03,287 INFO o.a.j.r.c.ReportGeneratorConfiguration: Property 'jmeter.reportgenerator.graph.responseTimePercentiles.exclude_controllers' not found, using default value 'false' instead.
2023-12-20 00:05:03,288 INFO o.a.j.r.c.ReportGeneratorConfiguration: Property 'jmeter.reportgenerator.graph.responseTimePercentilesOverTime.exclude_controllers' not found, using default value 'false' instead.
2023-12-20 00:05:03,288 INFO o.a.j.r.c.ReportGeneratorConfiguration: Property 'jmeter.reportgenerator.graph.responseTimesOverTime.exclude_controllers' not found, using default value 'false' instead.
2023-12-20 00:05:03,288 INFO o.a.j.r.c.ReportGeneratorConfiguration: Property 'jmeter.reportgenerator.graph.connectTimeOverTime.exclude_controllers' not found, using default value 'false' instead.
2023-12-20 00:05:03,288 INFO o.a.j.r.c.ReportGeneratorConfiguration: Property 'jmeter.reportgenerator.graph.latenciesOverTime.exclude_controllers' not found, using default value 'false' instead.
2023-12-20 00:05:03,289 INFO o.a.j.r.c.ReportGeneratorConfiguration: Property 'jmeter.reportgenerator.exporter.json.filters_only_sample_series' not found, using default value 'true' instead.
2023-12-20 00:05:03,289 INFO o.a.j.r.c.ReportGeneratorConfiguration: Property 'jmeter.reportgenerator.exporter.json.series_filter' not found, using default value '' instead.
2023-12-20 00:05:03,289 INFO o.a.j.r.c.ReportGeneratorConfiguration: Property 'jmeter.reportgenerator.exporter.json.show_controllers_only' not found, using default value 'false' instead.
2023-12-20 00:05:03,289 INFO o.a.j.r.c.ReportGeneratorConfiguration: Property 'jmeter.reportgenerator.exporter.html.filters_only_sample_series' not found, using default value 'true' instead.
2023-12-20 00:05:03,290 INFO o.a.j.r.c.ReportGeneratorConfiguration: Property 'jmeter.reportgenerator.exporter.html.series_filter' not found, using default value '' instead.
2023-12-20 00:05:03,290 INFO o.a.j.r.c.ReportGeneratorConfiguration: Property 'jmeter.reportgenerator.exporter.html.show_controllers_only' not found, using default value 'false' instead.
2023-12-20 00:05:03,299 INFO o.a.j.e.StandardJMeterEngine: Running the test!
2023-12-20 00:05:03,300 INFO o.a.j.s.SampleEvent: List of sample_variables: []
2023-12-20 00:05:03,300 INFO o.a.j.s.SampleEvent: List of sample_variables: []
2023-12-20 00:05:03,305 INFO o.a.j.e.u.CompoundVariable: Note: Function class names must contain the string: '.functions.'
2023-12-20 00:05:03,305 INFO o.a.j.e.u.CompoundVariable: Note: Function class names must not contain the string: '.gui.'
2023-12-20 00:05:03,602 INFO o.a.j.JMeter: Running test (1703012703602)
2023-12-20 00:05:03,664 INFO o.a.j.e.StandardJMeterEngine: Starting ThreadGroup: 1 : Auth
2023-12-20 00:05:03,664 INFO o.a.j.e.StandardJMeterEngine: Starting 3 threads for group Auth.
2023-12-20 00:05:03,664 INFO o.a.j.e.StandardJMeterEngine: Thread will continue on error
2023-12-20 00:05:03,664 INFO o.a.j.t.ThreadGroup: Starting thread group... number=1 threads=3 ramp-up=5 delayedStart=false
2023-12-20 00:05:03,676 INFO o.a.j.t.ThreadGroup: Started thread group number 1
2023-12-20 00:05:03,676 INFO o.a.j.e.StandardJMeterEngine: Starting ThreadGroup: 2 : BuyBook
2023-12-20 00:05:03,676 INFO o.a.j.e.StandardJMeterEngine: Starting 6 threads for group BuyBook.
2023-12-20 00:05:03,676 INFO o.a.j.e.StandardJMeterEngine: Thread will continue on error
2023-12-20 00:05:03,676 INFO o.a.j.t.JMeterThread: Thread started: Auth 1-1
2023-12-20 00:05:03,676 INFO o.a.j.t.ThreadGroup: Starting thread group... number=2 threads=6 ramp-up=5 delayedStart=false
2023-12-20 00:05:03,689 INFO o.a.j.t.JMeterThread: Thread started: BuyBook 2-1
2023-12-20 00:05:03,696 INFO o.a.j.p.h.s.HTTPHCAbstractImpl: Local host = DESKTOP-2HSBAGH
2023-12-20 00:05:03,703 INFO o.a.j.t.ThreadGroup: Started thread group number 2
2023-12-20 00:05:03,703 INFO o.a.j.e.StandardJMeterEngine: Starting ThreadGroup: 3 : DeleteBook
2023-12-20 00:05:03,703 INFO o.a.j.p.h.s.HTTPHC4Impl: HTTP request retry count = 0
2023-12-20 00:05:03,703 INFO o.a.j.e.StandardJMeterEngine: Starting 9 threads for group DeleteBook.
2023-12-20 00:05:03,703 INFO o.a.j.e.StandardJMeterEngine: Thread will continue on error
2023-12-20 00:05:03,703 INFO o.a.j.t.ThreadGroup: Starting thread group... number=3 threads=9 ramp-up=1 delayedStart=false
2023-12-20 00:05:03,705 INFO o.a.j.s.SampleResult: Note: Sample TimeStamps are START times
2023-12-20 00:05:03,705 INFO o.a.j.s.SampleResult: sampleresult.default.encoding is set to UTF-8
2023-12-20 00:05:03,705 INFO o.a.j.s.SampleResult: sampleresult.useNanoTime=true
2023-12-20 00:05:03,705 INFO o.a.j.s.SampleResult: sampleresult.nanoThreadSleep=5000
2023-12-20 00:05:03,707 INFO o.a.j.t.JMeterThread: Thread started: DeleteBook 3-1
2023-12-20 00:05:03,712 INFO o.a.j.t.ThreadGroup: Started thread group number 3
2023-12-20 00:05:03,713 INFO o.a.j.e.StandardJMeterEngine: All thread groups have been started
2023-12-20 00:05:03,818 INFO o.a.j.t.JMeterThread: Thread started: DeleteBook 3-2
2023-12-20 00:05:03,824 INFO o.a.j.p.h.s.h.LazyLayeredConnectionSocketFactory: Setting up HTTPS TrustAll Socket Factory
2023-12-20 00:05:03,830 INFO o.a.j.u.JsseSSLManager: Using default SSL protocol: TLS
2023-12-20 00:05:03,830 INFO o.a.j.u.JsseSSLManager: SSL session context: per-thread
2023-12-20 00:05:03,929 INFO o.a.j.t.JMeterThread: Thread started: DeleteBook 3-3
2023-12-20 00:05:04,039 INFO o.a.j.t.JMeterThread: Thread started: DeleteBook 3-4
2023-12-20 00:05:04,150 INFO o.a.j.t.JMeterThread: Thread started: DeleteBook 3-5
2023-12-20 00:05:04,181 INFO o.a.j.u.SSLManager: JmeterKeyStore Location:  type JKS
2023-12-20 00:05:04,183 INFO o.a.j.u.SSLManager: KeyStore created OK
2023-12-20 00:05:04,183 WARN o.a.j.u.SSLManager: Keystore file not found, loading empty keystore
2023-12-20 00:05:04,262 INFO o.a.j.t.JMeterThread: Thread started: DeleteBook 3-6
2023-12-20 00:05:04,371 INFO o.a.j.t.JMeterThread: Thread started: DeleteBook 3-7
2023-12-20 00:05:04,486 INFO o.a.j.t.JMeterThread: Thread started: DeleteBook 3-8
2023-12-20 00:05:04,524 INFO o.a.j.t.JMeterThread: Thread started: BuyBook 2-2
2023-12-20 00:05:04,574 INFO o.a.j.r.Summariser: summary +      1 in 00:00:01 =    1.0/s Avg:   750 Min:   750 Max:   750 Err:     0 (0.00%) Active: 11 Started: 11 Finished: 0
2023-12-20 00:05:04,592 INFO o.a.j.t.JMeterThread: Thread started: DeleteBook 3-9
2023-12-20 00:05:05,338 INFO o.a.j.t.JMeterThread: Thread started: Auth 1-2
2023-12-20 00:05:05,356 INFO o.a.j.t.JMeterThread: Thread started: BuyBook 2-3
2023-12-20 00:05:05,712 INFO o.a.j.t.JMeterThread: Thread is done: DeleteBook 3-4
2023-12-20 00:05:05,713 INFO o.a.j.t.JMeterThread: Thread finished: DeleteBook 3-4
2023-12-20 00:05:05,714 INFO o.a.j.t.JMeterThread: Thread is done: DeleteBook 3-5
2023-12-20 00:05:05,714 INFO o.a.j.t.JMeterThread: Thread finished: DeleteBook 3-5
2023-12-20 00:05:05,794 INFO o.a.j.t.JMeterThread: Thread is done: DeleteBook 3-7
2023-12-20 00:05:05,794 INFO o.a.j.t.JMeterThread: Thread finished: DeleteBook 3-7
2023-12-20 00:05:05,837 INFO o.a.j.t.JMeterThread: Thread is done: DeleteBook 3-2
2023-12-20 00:05:05,837 INFO o.a.j.t.JMeterThread: Thread finished: DeleteBook 3-2
2023-12-20 00:05:05,934 INFO o.a.j.t.JMeterThread: Thread is done: DeleteBook 3-6
2023-12-20 00:05:05,934 INFO o.a.j.t.JMeterThread: Thread finished: DeleteBook 3-6
2023-12-20 00:05:06,000 INFO o.a.j.t.JMeterThread: Thread is done: DeleteBook 3-1
2023-12-20 00:05:06,000 INFO o.a.j.t.JMeterThread: Thread finished: DeleteBook 3-1
2023-12-20 00:05:06,040 INFO o.a.j.t.JMeterThread: Thread is done: DeleteBook 3-3
2023-12-20 00:05:06,040 INFO o.a.j.t.JMeterThread: Thread finished: DeleteBook 3-3
2023-12-20 00:05:06,189 INFO o.a.j.t.JMeterThread: Thread started: BuyBook 2-4
2023-12-20 00:05:06,395 INFO o.a.j.t.JMeterThread: Thread is done: DeleteBook 3-9
2023-12-20 00:05:06,395 INFO o.a.j.t.JMeterThread: Thread finished: DeleteBook 3-9
2023-12-20 00:05:06,448 INFO o.a.j.t.JMeterThread: Thread is done: DeleteBook 3-8
2023-12-20 00:05:06,448 INFO o.a.j.t.JMeterThread: Thread finished: DeleteBook 3-8
2023-12-20 00:05:06,948 INFO o.a.j.t.JMeterThread: Thread is done: Auth 1-1
2023-12-20 00:05:06,948 INFO o.a.j.t.JMeterThread: Thread finished: Auth 1-1
2023-12-20 00:05:07,008 INFO o.a.j.t.JMeterThread: Thread started: Auth 1-3
2023-12-20 00:05:07,019 INFO o.a.j.t.JMeterThread: Thread started: BuyBook 2-5
2023-12-20 00:05:07,226 INFO o.a.j.t.JMeterThread: Thread is done: Auth 1-2
2023-12-20 00:05:07,227 INFO o.a.j.t.JMeterThread: Thread finished: Auth 1-2
2023-12-20 00:05:07,863 INFO o.a.j.t.JMeterThread: Thread started: BuyBook 2-6
2023-12-20 00:05:08,825 INFO o.a.j.t.JMeterThread: Thread is done: Auth 1-3
2023-12-20 00:05:08,825 INFO o.a.j.t.JMeterThread: Thread finished: Auth 1-3
2023-12-20 00:05:14,124 INFO o.a.j.t.JMeterThread: Thread is done: BuyBook 2-2
2023-12-20 00:05:14,124 INFO o.a.j.t.JMeterThread: Thread finished: BuyBook 2-2
2023-12-20 00:05:14,525 INFO o.a.j.t.JMeterThread: Thread is done: BuyBook 2-3
2023-12-20 00:05:14,525 INFO o.a.j.t.JMeterThread: Thread finished: BuyBook 2-3
2023-12-20 00:05:14,603 INFO o.a.j.t.JMeterThread: Thread is done: BuyBook 2-1
2023-12-20 00:05:14,603 INFO o.a.j.t.JMeterThread: Thread finished: BuyBook 2-1
2023-12-20 00:05:16,507 INFO o.a.j.t.JMeterThread: Thread is done: BuyBook 2-4
2023-12-20 00:05:16,507 INFO o.a.j.t.JMeterThread: Thread finished: BuyBook 2-4
2023-12-20 00:05:16,507 INFO o.a.j.t.JMeterThread: Thread is done: BuyBook 2-5
2023-12-20 00:05:16,507 INFO o.a.j.t.JMeterThread: Thread finished: BuyBook 2-5
2023-12-20 00:05:17,336 INFO o.a.j.t.JMeterThread: Thread is done: BuyBook 2-6
2023-12-20 00:05:17,336 INFO o.a.j.t.JMeterThread: Thread finished: BuyBook 2-6
2023-12-20 00:05:17,337 INFO o.a.j.e.StandardJMeterEngine: Notifying test listeners of end of test
2023-12-20 00:05:17,339 INFO o.a.j.r.Summariser: summary +    974 in 00:00:13 =   76.3/s Avg:    83 Min:    35 Max:   865 Err:     6 (0.62%) Active: 0 Started: 18 Finished: 18
2023-12-20 00:05:17,341 INFO o.a.j.r.Summariser: summary =    975 in 00:00:14 =   71.0/s Avg:    83 Min:    35 Max:   865 Err:     6 (0.62%)
2023-12-20 00:05:17,343 INFO o.a.j.JMeter: Generating Dashboard
2023-12-20 00:05:17,343 INFO o.a.j.r.d.ReportGenerator: Flushing result collector before report Generation
2023-12-20 00:05:17,389 INFO o.a.j.r.p.NormalizerSampleConsumer: Using format, 'ms', to parse timeStamp field
2023-12-20 00:05:17,569 INFO o.a.j.r.p.AbstractSampleConsumer: class org.apache.jmeter.report.processor.AggregateConsumer#stopProducing(): beginDate produced 0 samples
2023-12-20 00:05:17,569 INFO o.a.j.r.p.AbstractSampleConsumer: class org.apache.jmeter.report.processor.AggregateConsumer#stopProducing(): endDate produced 0 samples
2023-12-20 00:05:17,571 INFO o.a.j.r.p.AbstractSampleConsumer: class org.apache.jmeter.report.processor.ApdexSummaryConsumer#stopProducing(): apdexSummary produced 0 samples
2023-12-20 00:05:17,571 INFO o.a.j.r.p.AbstractSampleConsumer: class org.apache.jmeter.report.processor.RequestsSummaryConsumer#stopProducing(): requestsSummary produced 0 samples
2023-12-20 00:05:17,580 INFO o.a.j.r.p.AbstractSampleConsumer: class org.apache.jmeter.report.processor.StatisticsSummaryConsumer#stopProducing(): statisticsSummary produced 0 samples
2023-12-20 00:05:17,586 INFO o.a.j.r.p.AbstractSampleConsumer: class org.apache.jmeter.report.processor.Top5ErrorsBySamplerConsumer#stopProducing(): top5ErrorsBySampler produced 0 samples
2023-12-20 00:05:17,586 INFO o.a.j.r.p.AbstractSampleConsumer: class org.apache.jmeter.report.processor.ErrorsSummaryConsumer#stopProducing(): errorsSummary produced 0 samples
2023-12-20 00:05:17,586 INFO o.a.j.r.p.AbstractSampleConsumer: class org.apache.jmeter.report.processor.graph.impl.HitsPerSecondGraphConsumer#stopProducing(): hitsPerSecond produced 0 samples
2023-12-20 00:05:17,629 INFO o.a.j.r.p.AbstractSampleConsumer: class org.apache.jmeter.report.processor.graph.impl.LatencyVSRequestGraphConsumer#stopProducing(): latencyVsRequest produced 0 samples
2023-12-20 00:05:17,630 INFO o.a.j.r.p.AbstractSampleConsumer: class org.apache.jmeter.report.processor.graph.impl.SyntheticResponseTimeDistributionGraphConsumer#stopProducing(): syntheticResponseTimeDistribution produced 0 samples
2023-12-20 00:05:17,630 INFO o.a.j.r.p.AbstractSampleConsumer: class org.apache.jmeter.report.processor.graph.impl.BytesThroughputGraphConsumer#stopProducing(): bytesThroughputOverTime produced 0 samples
2023-12-20 00:05:17,630 INFO o.a.j.r.p.AbstractSampleConsumer: class org.apache.jmeter.report.processor.graph.impl.CodesPerSecondGraphConsumer#stopProducing(): codesPerSecond produced 0 samples
2023-12-20 00:05:17,657 INFO o.a.j.r.p.AbstractSampleConsumer: class org.apache.jmeter.report.processor.graph.impl.ResponseTimeVSRequestGraphConsumer#stopProducing(): responseTimeVsRequest produced 0 samples
2023-12-20 00:05:17,657 INFO o.a.j.r.p.AbstractSampleConsumer: class org.apache.jmeter.report.processor.FilterConsumer#stopProducing(): startIntervalControlerFilter produced 7770 samples
2023-12-20 00:05:17,657 INFO o.a.j.r.p.AbstractSampleConsumer: class org.apache.jmeter.report.processor.graph.impl.TotalTPSGraphConsumer#stopProducing(): totalTPS produced 0 samples
2023-12-20 00:05:17,657 INFO o.a.j.r.p.AbstractSampleConsumer: class org.apache.jmeter.report.processor.graph.impl.ActiveThreadsGraphConsumer#stopProducing(): activeThreadsOverTime produced 0 samples
2023-12-20 00:05:17,657 INFO o.a.j.r.p.AbstractSampleConsumer: class org.apache.jmeter.report.processor.graph.impl.TimeVSThreadGraphConsumer#stopProducing(): timeVsThreads produced 0 samples
2023-12-20 00:05:17,666 INFO o.a.j.r.p.AbstractSampleConsumer: class org.apache.jmeter.report.processor.graph.impl.ResponseTimeDistributionGraphConsumer#stopProducing(): responseTimeDistribution produced 0 samples
2023-12-20 00:05:17,667 INFO o.a.j.r.p.AbstractSampleConsumer: class org.apache.jmeter.report.processor.graph.impl.TransactionsPerSecondGraphConsumer#stopProducing(): transactionsPerSecond produced 0 samples
2023-12-20 00:05:17,668 INFO o.a.j.r.p.AbstractSampleConsumer: class org.apache.jmeter.report.processor.graph.impl.ResponseTimePercentilesGraphConsumer#stopProducing(): responseTimePercentiles produced 0 samples
2023-12-20 00:05:17,694 INFO o.a.j.r.p.AbstractSampleConsumer: class org.apache.jmeter.report.processor.graph.impl.ResponseTimePercentilesOverTimeGraphConsumer#stopProducing(): responseTimePercentilesOverTime produced 0 samples
2023-12-20 00:05:17,694 INFO o.a.j.r.p.AbstractSampleConsumer: class org.apache.jmeter.report.processor.graph.impl.ResponseTimeOverTimeGraphConsumer#stopProducing(): responseTimesOverTime produced 0 samples
2023-12-20 00:05:17,696 INFO o.a.j.r.p.AbstractSampleConsumer: class org.apache.jmeter.report.processor.graph.impl.ConnectTimeOverTimeGraphConsumer#stopProducing(): connectTimeOverTime produced 0 samples
2023-12-20 00:05:17,697 INFO o.a.j.r.p.AbstractSampleConsumer: class org.apache.jmeter.report.processor.graph.impl.LatencyOverTimeGraphConsumer#stopProducing(): latenciesOverTime produced 0 samples
2023-12-20 00:05:17,698 INFO o.a.j.r.p.AbstractSampleConsumer: class org.apache.jmeter.report.processor.FilterConsumer#stopProducing(): nameFilter produced 16650 samples
2023-12-20 00:05:17,698 INFO o.a.j.r.p.AbstractSampleConsumer: class org.apache.jmeter.report.processor.FilterConsumer#stopProducing(): dateRangeFilter produced 3330 samples
2023-12-20 00:05:17,698 INFO o.a.j.r.p.AbstractSampleConsumer: class org.apache.jmeter.report.processor.NormalizerSampleConsumer#stopProducing(): normalizer produced 1110 samples
2023-12-20 00:05:17,698 INFO o.a.j.r.p.CsvFileSampleSource: produce(): 1110 samples produced in 284ms on channel 0
2023-12-20 00:05:17,699 INFO o.a.j.r.d.ReportGenerator: Exporting data using exporter:'json' of className:'org.apache.jmeter.report.dashboard.JsonExporter'
2023-12-20 00:05:17,822 INFO o.a.j.r.d.JsonExporter: Found data for consumer statisticsSummary in context
2023-12-20 00:05:17,822 INFO o.a.j.r.d.JsonExporter: Creating statistics for overall
2023-12-20 00:05:17,823 INFO o.a.j.r.d.JsonExporter: Creating statistics for other transactions
2023-12-20 00:05:17,824 INFO o.a.j.r.d.JsonExporter: Checking output folder
2023-12-20 00:05:17,824 INFO o.a.j.r.d.JsonExporter: Writing statistics JSON to C:\JMETERTEST\.\Lab-9\statistics.json
2023-12-20 00:05:17,876 INFO o.a.j.r.d.ReportGenerator: Exporting data using exporter:'html' of className:'org.apache.jmeter.report.dashboard.HtmlTemplateExporter'
2023-12-20 00:05:17,879 INFO o.a.j.r.d.HtmlTemplateExporter: Will generate dashboard in folder: C:\JMETERTEST\.\Lab-9
2023-12-20 00:05:18,173 INFO o.a.j.r.d.HtmlTemplateExporter: Report will be generated in: C:\JMETERTEST\.\Lab-9, creating folder structure
2023-12-20 00:05:18,175 INFO o.a.j.r.d.TemplateVisitor: Copying folder from 'C:\JMETER\bin\report-template' to 'C:\JMETERTEST\.\Lab-9', got message: C:\JMETERTEST\.\Lab-9, found non empty folder with following content [C:\JMETERTEST\.\Lab-9\statistics.json], will be ignored
2023-12-20 00:05:18,495 INFO o.a.j.JMeter: Dashboard generated
